Arguments: 
  C:\Program Files\nodejs\node.exe C:\Users\hafiz\AppData\Roaming\npm\node_modules\yarn\bin\yarn.js add knex

PATH: 
  C:\Users\hafiz\bin;C:\Program Files\Git\mingw64\bin;C:\Program Files\Git\usr\local\bin;C:\Program Files\Git\usr\bin;C:\Program Files\Git\usr\bin;C:\Program Files\Git\mingw64\bin;C:\Program Files\Git\usr\bin;C:\Users\hafiz\bin;C:\Python311\Scripts;C:\Python311;C:\Windows\system32;C:\Windows;C:\Windows\System32\Wbem;C:\Windows\System32\WindowsPowerShell\v1.0;C:\Windows\System32\OpenSSH;C:\xampp\php;C:\ProgramData\ComposerSetup\bin;C:\Program Files\PuTTY;C:\ProgramData\chocolatey\bin;C:\Program Files\nodejs;C:\Program Files\Git\cmd;C:\Program Files\Docker\Docker\resources\bin;C:\Program Files\nodejs;C:\Users\hafiz\.console-ninja\.bin;C:\Users\hafiz\AppData\Local\Microsoft\WindowsApps;C:\Users\hafiz\AppData\Local\Programs\Microsoft VS Code\bin;C:\Users\hafiz\AppData\Roaming\Composer\vendor\bin;C:\path\to\php\bin;C:\xampp\php\pear;C:\xampp\php;C:\Users\hafiz\AppData\Roaming\npm;C:\Program Files\Git\usr\bin\vendor_perl;C:\Program Files\Git\usr\bin\core_perl

Yarn version: 
  1.22.19

Node version: 
  20.15.1

Platform: 
  win32 x64

Trace: 
  Error: ENOENT: no such file or directory, copyfile 'C:\Users\hafiz\AppData\Local\Yarn\Cache\v6\npm-ms-2.1.2-d09d1f357b443f493382a8eb3ccd183872ae6009-integrity\node_modules\ms\index.js' -> 'C:\private\tutorial\expense\backend\node_modules\knex\node_modules\ms\index.js'

npm manifest: 
  {
    "name": "be",
    "version": "1.0.0",
    "description": "",
    "main": "index.js",
    "scripts": {
      "start": "node index.js",
      "dev": "nodemon index.js",
      "test": "echo \"Error: no test specified\" && exit 1"
    },
    "keywords": [],
    "author": "",
    "license": "ISC",
    "dependencies": {
      "bcryptjs": "^2.4.3",
      "cors": "^2.8.5",
      "express": "^4.17.1",
      "helmet": "^4.6.0",
      "jsonwebtoken": "^8.5.1",
      "knex": "^0.95.4",
      "mysql": "^2.18.1",
      "nodemon": "^2.0.7",
      "pg": "^8.6.0"
    }
  }

yarn manifest: 
  No manifest

Lockfile: 
  No lockfile
